<?xml version="1.0" encoding="UTF-8"?>
<!-- Generated by org.testng.reporters.JUnitReportReporter -->
<testsuite hostname="DIVESH13" failures="0" tests="1" name="selenium.Day8.Day8_2" time="0.354" errors="0" timestamp="5 Jun 2023 04:48:15 GMT">
  <testcase classname="selenium.Day8.Day8_2" name="T01" time="0.354"/>
</testsuite> <!-- selenium.Day8.Day8_2 -->
