<?xml version="1.0" encoding="UTF-8"?>
<!-- Generated by org.testng.reporters.JUnitReportReporter -->
<testsuite hostname="DIVESH13" failures="0" tests="1" name="selenium.Day8.Day8_1" time="0.480" errors="0" timestamp="5 Jun 2023 04:47:33 GMT">
  <testcase classname="selenium.Day8.Day8_1" name="T01" time="0.480"/>
</testsuite> <!-- selenium.Day8.Day8_1 -->
